0 info it worked if it ends with ok
1 verbose cli [ 'C:\\Program Files\\nodejs\\node.exe',
1 verbose cli   'C:\\Program Files\\nodejs\\node_modules\\npm\\bin\\npm-cli.js',
1 verbose cli   'run',
1 verbose cli   'test' ]
2 info using npm@3.10.10
3 info using node@v6.9.5
4 verbose run-script [ 'pretest', 'test', 'posttest' ]
5 info lifecycle lab-01-modular-patterns@1.0.0~pretest: lab-01-modular-patterns@1.0.0
6 silly lifecycle lab-01-modular-patterns@1.0.0~pretest: no script for pretest, continuing
7 info lifecycle lab-01-modular-patterns@1.0.0~test: lab-01-modular-patterns@1.0.0
8 verbose lifecycle lab-01-modular-patterns@1.0.0~test: unsafe-perm in lifecycle true
9 verbose lifecycle lab-01-modular-patterns@1.0.0~test: PATH: C:\Program Files\nodejs\node_modules\npm\bin\node-gyp-bin;C:\Users\david\codefellows\401\lab-01-modular-patterns\node_modules\.bin;C:\Users\david\bin;C:\Program Files\Git\mingw64\bin;C:\Program Files\Git\usr\local\bin;C:\Program Files\Git\usr\bin;C:\Program Files\Git\usr\bin;C:\Program Files\Git\mingw64\bin;C:\Program Files\Git\usr\bin;C:\Users\david\bin;C:\WINDOWS\system32;C:\WINDOWS;C:\WINDOWS\System32\Wbem;C:\WINDOWS\System32\WindowsPowerShell\v1.0;C:\Program Files\nodejs;C:\Program Files\PostgreSQL\pg95\bin;C:\Users\david\AppData\Local\Microsoft\WindowsApps;C:\Users\david\AppData\Local\atom\bin;C:\Users\david\AppData\Roaming\npm;C:\Program Files\Heroku\bin;C:\Program Files\Git\usr\bin\vendor_perl;C:\Program Files\Git\usr\bin\core_perl
10 verbose lifecycle lab-01-modular-patterns@1.0.0~test: CWD: C:\Users\david\codefellows\401\lab-01-modular-patterns
11 silly lifecycle lab-01-modular-patterns@1.0.0~test: Args: [ '/d /s /c', 'mocha' ]
12 silly lifecycle lab-01-modular-patterns@1.0.0~test: Returned: code: 1  signal: null
13 info lifecycle lab-01-modular-patterns@1.0.0~test: Failed to exec test script
14 verbose stack Error: lab-01-modular-patterns@1.0.0 test: `mocha`
14 verbose stack Exit status 1
14 verbose stack     at EventEmitter.<anonymous> (C:\Program Files\nodejs\node_modules\npm\lib\utils\lifecycle.js:255:16)
14 verbose stack     at emitTwo (events.js:106:13)
14 verbose stack     at EventEmitter.emit (events.js:191:7)
14 verbose stack     at ChildProcess.<anonymous> (C:\Program Files\nodejs\node_modules\npm\lib\utils\spawn.js:40:14)
14 verbose stack     at emitTwo (events.js:106:13)
14 verbose stack     at ChildProcess.emit (events.js:191:7)
14 verbose stack     at maybeClose (internal/child_process.js:877:16)
14 verbose stack     at Process.ChildProcess._handle.onexit (internal/child_process.js:226:5)
15 verbose pkgid lab-01-modular-patterns@1.0.0
16 verbose cwd C:\Users\david\codefellows\401\lab-01-modular-patterns
17 error Windows_NT 10.0.14393
18 error argv "C:\\Program Files\\nodejs\\node.exe" "C:\\Program Files\\nodejs\\node_modules\\npm\\bin\\npm-cli.js" "run" "test"
19 error node v6.9.5
20 error npm  v3.10.10
21 error code ELIFECYCLE
22 error lab-01-modular-patterns@1.0.0 test: `mocha`
22 error Exit status 1
23 error Failed at the lab-01-modular-patterns@1.0.0 test script 'mocha'.
23 error Make sure you have the latest version of node.js and npm installed.
23 error If you do, this is most likely a problem with the lab-01-modular-patterns package,
23 error not with npm itself.
23 error Tell the author that this fails on your system:
23 error     mocha
23 error You can get information on how to open an issue for this project with:
23 error     npm bugs lab-01-modular-patterns
23 error Or if that isn't available, you can get their info via:
23 error     npm owner ls lab-01-modular-patterns
23 error There is likely additional logging output above.
24 verbose exit [ 1, true ]
